2023-07-29 15:19:55,152 - INFO - Fetched the hex file successfully. - .\firmware_utils.py:40 - __firmware_hex_fetch
2023-07-29 15:19:55,168 - INFO - Conversion successful. Binary file created:test.bin - .\firmware_utils.py:63 - __firmware_cvt2bin
2023-07-29 16:15:29,228 - INFO - Fetched the hex file successfully. - .\firmware_utils.py:40 - __firmware_hex_fetch
2023-07-29 16:15:29,235 - INFO - Conversion successful. Binary file created:test.bin - .\firmware_utils.py:63 - __firmware_cvt2bin
2023-07-29 16:17:39,982 - INFO - Fetched the hex file successfully. - .\firmware_utils.py:40 - __firmware_hex_fetch
2023-07-29 16:17:39,987 - INFO - Conversion successful. Binary file created:test.bin - .\firmware_utils.py:63 - __firmware_cvt2bin
2023-07-29 16:18:14,862 - INFO - Fetched the hex file successfully. - .\firmware_utils.py:40 - __firmware_hex_fetch
2023-07-29 16:18:14,867 - INFO - Conversion successful. Binary file created:test.bin - .\firmware_utils.py:63 - __firmware_cvt2bin
2023-07-29 16:18:31,164 - INFO - Fetched the hex file successfully. - .\firmware_utils.py:40 - __firmware_hex_fetch
2023-07-29 16:18:31,169 - INFO - Conversion successful. Binary file created:test.bin - .\firmware_utils.py:63 - __firmware_cvt2bin
2023-07-29 16:26:44,469 - INFO - Fetched the hex file successfully. - .\firmware_utils.py:40 - __firmware_hex_fetch
2023-07-29 16:26:44,475 - INFO - Conversion successful. Binary file created:test.bin - .\firmware_utils.py:63 - __firmware_cvt2bin
2023-07-29 16:26:49,740 - INFO - Fetched the hex file successfully. - .\firmware_utils.py:40 - __firmware_hex_fetch
2023-07-29 16:26:49,746 - INFO - Conversion successful. Binary file created:test.bin - .\firmware_utils.py:63 - __firmware_cvt2bin
2023-07-29 18:20:37,136 - INFO - Fetched the hex file successfully. - .\firmware_utils.py:41 - __firmware_hex_fetch
2023-07-29 18:20:37,149 - INFO - Conversion successful. Binary file created:test.bin - .\firmware_utils.py:64 - __firmware_cvt2bin
2023-07-29 18:21:21,000 - INFO - Fetched the hex file successfully. - .\firmware_utils.py:41 - __firmware_hex_fetch
2023-07-29 18:21:21,004 - INFO - Conversion successful. Binary file created:test.bin - .\firmware_utils.py:64 - __firmware_cvt2bin
2023-07-29 18:21:35,670 - INFO - Fetched the hex file successfully. - .\firmware_utils.py:48 - __firmware_hex_fetch
2023-07-29 18:21:35,675 - INFO - Conversion successful. Binary file created:test.bin - .\firmware_utils.py:71 - __firmware_cvt2bin
2023-07-29 18:22:09,074 - INFO - Fetched the hex file successfully. - .\firmware_utils.py:48 - __firmware_hex_fetch
2023-07-29 18:22:09,079 - INFO - Conversion successful. Binary file created:test.bin - .\firmware_utils.py:71 - __firmware_cvt2bin
2023-07-29 18:22:18,716 - INFO - Fetched the hex file successfully. - .\firmware_utils.py:49 - __firmware_hex_fetch
2023-07-29 18:22:18,721 - INFO - Conversion successful. Binary file created:test.bin - .\firmware_utils.py:72 - __firmware_cvt2bin
2023-07-29 18:22:32,491 - INFO - Fetched the hex file successfully. - .\firmware_utils.py:49 - __firmware_hex_fetch
2023-07-29 18:22:32,496 - INFO - Conversion successful. Binary file created:test.bin - .\firmware_utils.py:72 - __firmware_cvt2bin
2023-07-29 18:22:45,413 - INFO - Fetched the hex file successfully. - .\firmware_utils.py:49 - __firmware_hex_fetch
2023-07-29 18:22:45,419 - INFO - Conversion successful. Binary file created:test.bin - .\firmware_utils.py:72 - __firmware_cvt2bin
2023-07-29 18:23:59,929 - INFO - Fetched the hex file successfully. - .\firmware_utils.py:49 - __firmware_hex_fetch
2023-07-29 18:23:59,934 - INFO - Conversion successful. Binary file created:test.bin - .\firmware_utils.py:72 - __firmware_cvt2bin
2023-07-29 18:24:38,503 - INFO - Fetched the hex file successfully. - .\firmware_utils.py:49 - __firmware_hex_fetch
2023-07-29 18:24:38,510 - INFO - Conversion successful. Binary file created:test.bin - .\firmware_utils.py:72 - __firmware_cvt2bin
2023-07-29 18:24:46,308 - INFO - Fetched the hex file successfully. - .\firmware_utils.py:49 - __firmware_hex_fetch
2023-07-29 18:24:46,315 - INFO - Conversion successful. Binary file created:test.bin - .\firmware_utils.py:72 - __firmware_cvt2bin
2023-07-29 18:25:51,617 - INFO - Fetched the hex file successfully. - .\firmware_utils.py:49 - __firmware_hex_fetch
2023-07-29 18:25:51,623 - INFO - Conversion successful. Binary file created:test.bin - .\firmware_utils.py:72 - __firmware_cvt2bin
2023-07-29 18:25:57,533 - INFO - Fetched the hex file successfully. - .\firmware_utils.py:49 - __firmware_hex_fetch
2023-07-29 18:25:57,537 - INFO - Conversion successful. Binary file created:test.bin - .\firmware_utils.py:72 - __firmware_cvt2bin
2023-07-29 18:33:45,307 - INFO - Fetched the hex file successfully. - .\firmware_utils.py:42 - __firmware_hex_fetch
2023-07-29 18:33:45,369 - INFO - Conversion successful. Binary file created:test.bin - .\firmware_utils.py:65 - __firmware_cvt2bin
2023-07-29 18:33:55,026 - INFO - Fetched the hex file successfully. - .\firmware_utils.py:42 - __firmware_hex_fetch
2023-07-29 18:33:55,031 - INFO - Conversion successful. Binary file created:test.bin - .\firmware_utils.py:65 - __firmware_cvt2bin
2023-07-29 18:34:08,440 - INFO - Fetched the hex file successfully. - .\firmware_utils.py:42 - __firmware_hex_fetch
2023-07-29 18:34:08,445 - INFO - Conversion successful. Binary file created:test.bin - .\firmware_utils.py:65 - __firmware_cvt2bin
2023-07-29 18:34:31,831 - INFO - Fetched the hex file successfully. - .\firmware_utils.py:42 - __firmware_hex_fetch
2023-07-29 18:34:31,836 - INFO - Conversion successful. Binary file created:test.bin - .\firmware_utils.py:65 - __firmware_cvt2bin
2023-07-29 18:34:33,911 - INFO - Fetched the hex file successfully. - .\firmware_utils.py:42 - __firmware_hex_fetch
2023-07-29 18:34:33,915 - INFO - Conversion successful. Binary file created:test.bin - .\firmware_utils.py:65 - __firmware_cvt2bin
2023-07-29 18:36:09,856 - INFO - Fetched the hex file successfully. - .\firmware_utils.py:42 - __firmware_hex_fetch
2023-07-29 18:36:09,861 - INFO - Conversion successful. Binary file created:test.bin - .\firmware_utils.py:65 - __firmware_cvt2bin
2023-07-29 18:36:24,692 - INFO - Fetched the hex file successfully. - .\firmware_utils.py:42 - __firmware_hex_fetch
2023-07-29 18:36:24,696 - INFO - Conversion successful. Binary file created:test.bin - .\firmware_utils.py:65 - __firmware_cvt2bin
2023-07-29 18:36:42,830 - INFO - Fetched the hex file successfully. - .\firmware_utils.py:42 - __firmware_hex_fetch
2023-07-29 18:36:42,836 - INFO - Conversion successful. Binary file created:test.bin - .\firmware_utils.py:65 - __firmware_cvt2bin
2023-07-29 18:36:58,188 - INFO - Fetched the hex file successfully. - .\firmware_utils.py:41 - __firmware_hex_fetch
2023-07-29 18:36:58,192 - INFO - Conversion successful. Binary file created:test.bin - .\firmware_utils.py:64 - __firmware_cvt2bin
2023-07-29 18:37:03,108 - INFO - Fetched the hex file successfully. - .\firmware_utils.py:41 - __firmware_hex_fetch
2023-07-29 18:37:03,113 - INFO - Conversion successful. Binary file created:test.bin - .\firmware_utils.py:64 - __firmware_cvt2bin
2023-07-29 18:37:55,028 - INFO - Fetched the hex file successfully. - .\firmware_utils.py:40 - __firmware_hex_fetch
2023-07-29 18:37:55,034 - INFO - Conversion successful. Binary file created:test.bin - .\firmware_utils.py:63 - __firmware_cvt2bin
2023-07-29 18:38:15,310 - INFO - Fetched the hex file successfully. - .\firmware_utils.py:40 - __firmware_hex_fetch
2023-07-29 18:38:15,315 - INFO - Conversion successful. Binary file created:test.bin - .\firmware_utils.py:63 - __firmware_cvt2bin
2023-07-29 18:38:48,293 - INFO - Fetched the hex file successfully. - .\firmware_utils.py:40 - __firmware_hex_fetch
2023-07-29 18:38:48,297 - INFO - Conversion successful. Binary file created:test.bin - .\firmware_utils.py:63 - __firmware_cvt2bin
2023-07-29 18:38:56,218 - INFO - Fetched the hex file successfully. - .\firmware_utils.py:40 - __firmware_hex_fetch
2023-07-29 18:38:56,223 - INFO - Conversion successful. Binary file created:test.bin - .\firmware_utils.py:63 - __firmware_cvt2bin
2023-07-29 18:38:58,688 - INFO - Fetched the hex file successfully. - .\firmware_utils.py:40 - __firmware_hex_fetch
2023-07-29 18:38:58,693 - INFO - Conversion successful. Binary file created:test.bin - .\firmware_utils.py:63 - __firmware_cvt2bin
2023-07-29 18:39:05,611 - INFO - Fetched the hex file successfully. - .\firmware_utils.py:40 - __firmware_hex_fetch
2023-07-29 18:39:05,615 - INFO - Conversion successful. Binary file created:test.bin - .\firmware_utils.py:63 - __firmware_cvt2bin
2023-07-29 18:39:46,194 - INFO - Fetched the hex file successfully. - .\firmware_utils.py:40 - __firmware_hex_fetch
2023-07-29 18:39:46,199 - INFO - Conversion successful. Binary file created:test.bin - .\firmware_utils.py:63 - __firmware_cvt2bin
2023-07-29 18:39:58,964 - INFO - Fetched the hex file successfully. - .\firmware_utils.py:40 - __firmware_hex_fetch
2023-07-29 18:39:58,970 - INFO - Conversion successful. Binary file created:test.bin - .\firmware_utils.py:63 - __firmware_cvt2bin
2023-07-30 19:50:16,148 - INFO - Fetched the hex file successfully. - .\firmware_utils.py:40 - __firmware_hex_fetch
2023-07-30 19:50:16,206 - INFO - Conversion successful. Binary file created:test.bin - .\firmware_utils.py:63 - __firmware_cvt2bin
2023-07-30 23:45:57,005 - INFO - Fetched the hex file successfully. - .\firmware_utils.py:40 - __firmware_hex_fetch
2023-07-30 23:45:57,019 - INFO - Conversion successful. Binary file created:test.bin - .\firmware_utils.py:63 - __firmware_cvt2bin
2023-10-10 11:04:45,501 - INFO - Fetched the hex file successfully. - .\firmware_utils.py:41 - __firmware_hex_fetch
2023-10-10 11:04:45,517 - INFO - Conversion successful. Binary file created:.\test.bin - .\firmware_utils.py:64 - __firmware_cvt2bin
2023-10-10 12:12:04,758 - INFO - Fetched the hex file successfully. - .\firmware_utils.py:40 - __firmware_hex_fetch
2023-10-10 12:12:04,762 - INFO - Conversion successful. Binary file created:.\test.bin - .\firmware_utils.py:63 - __firmware_cvt2bin
2023-10-10 12:23:56,174 - ERROR - Error: File '.\test.hex' not found. - .\firmware_utils.py:42 - __firmware_hex_fetch
2023-10-10 12:23:56,174 - ERROR - Error: The specified hex file was not found. - .\firmware_utils.py:68 - __firmware_cvt2bin
2023-10-10 12:23:56,174 - ERROR - Error: File '.\test.hex' not found. - .\firmware_utils.py:107 - __firmware_calculate_size
2023-10-10 12:24:03,101 - INFO - Fetched the hex file successfully. - .\firmware_utils.py:40 - __firmware_hex_fetch
2023-10-10 12:24:03,105 - INFO - Conversion successful. Binary file created:.\firmwareToUpload.bin - .\firmware_utils.py:63 - __firmware_cvt2bin
2023-10-10 15:20:15,886 - INFO - Fetched the hex file successfully. - .\firmware_utils.py:40 - __firmware_hex_fetch
2023-10-10 15:20:15,913 - INFO - Conversion successful. Binary file created:.\firmwareToUpload.bin - .\firmware_utils.py:63 - __firmware_cvt2bin
2023-10-14 04:57:22,882 - INFO - Fetched the hex file successfully. - .\firmware_utils.py:40 - __firmware_hex_fetch
2023-10-14 04:57:22,916 - INFO - Conversion successful. Binary file created:.\bootloaderX3.bin - .\firmware_utils.py:63 - __firmware_cvt2bin
2023-10-14 12:53:24,832 - INFO - Fetched the hex file successfully. - .\firmware_utils.py:40 - __firmware_hex_fetch
2023-10-14 12:53:24,849 - INFO - Conversion successful. Binary file created:.\bootloaderX3.bin - .\firmware_utils.py:63 - __firmware_cvt2bin
2023-12-14 00:08:19,884 - INFO - Fetched the hex file successfully. - firmware_utils.py:40 - __firmware_hex_fetch
2023-12-14 00:08:19,888 - INFO - Conversion successful. Binary file created:firmwareToUpload.bin - firmware_utils.py:63 - __firmware_cvt2bin
2023-12-14 20:01:43,010 - INFO - Fetched the hex file successfully. - .\firmware_utils.py:40 - __firmware_hex_fetch
2023-12-14 20:01:43,013 - INFO - Conversion successful. Binary file created:G:\WX_CAREER\Grad Project\src\vehicle_intf\testing\TestAppLedOn\MDK-ARM\TestAppLedOn\TestAppLedOn.bin - .\firmware_utils.py:63 - __firmware_cvt2bin
2024-04-22 13:26:38,329 - INFO - Fetched the hex file successfully. - .\firmware_utils.py:40 - __firmware_hex_fetch
2024-04-22 13:26:38,368 - INFO - Conversion successful. Binary file created:G:\WX_CAREER\Grad Project\src\oem_intf\django_webappv1\fota\firmwares\TargetApplication.bin - .\firmware_utils.py:63 - __firmware_cvt2bin
2024-04-22 13:29:11,339 - INFO - Fetched the hex file successfully. - .\firmware_utils.py:41 - __firmware_hex_fetch
2024-04-22 13:29:11,349 - INFO - Conversion successful. Binary file created:G:\WX_CAREER\Grad Project\src\oem_intf\django_webappv1\fota\firmwares\TargetApplication.bin - .\firmware_utils.py:64 - __firmware_cvt2bin
2024-04-22 13:30:03,084 - INFO - Fetched the hex file successfully. - .\firmware_utils.py:41 - __firmware_hex_fetch
2024-04-22 13:30:03,094 - INFO - Conversion successful. Binary file created:G:\WX_CAREER\Grad Project\src\oem_intf\django_webappv1\fota\firmwares\TargetApplication.bin - .\firmware_utils.py:64 - __firmware_cvt2bin
2024-04-22 13:30:10,240 - INFO - Fetched the hex file successfully. - .\firmware_utils.py:41 - __firmware_hex_fetch
2024-04-22 13:30:10,250 - INFO - Conversion successful. Binary file created:G:\WX_CAREER\Grad Project\src\oem_intf\django_webappv1\fota\firmwares\TargetApplication.bin - .\firmware_utils.py:64 - __firmware_cvt2bin
2024-04-22 13:30:12,488 - INFO - Fetched the hex file successfully. - .\firmware_utils.py:41 - __firmware_hex_fetch
2024-04-22 13:30:12,498 - INFO - Conversion successful. Binary file created:G:\WX_CAREER\Grad Project\src\oem_intf\django_webappv1\fota\firmwares\TargetApplication.bin - .\firmware_utils.py:64 - __firmware_cvt2bin
2024-04-22 13:30:19,500 - INFO - Fetched the hex file successfully. - .\firmware_utils.py:41 - __firmware_hex_fetch
2024-04-22 13:30:19,510 - INFO - Conversion successful. Binary file created:G:\WX_CAREER\Grad Project\src\oem_intf\django_webappv1\fota\firmwares\TargetApplication.bin - .\firmware_utils.py:64 - __firmware_cvt2bin
2024-04-22 15:21:12,479 - INFO - Fetched the hex file successfully. - .\firmware_utils.py:41 - __firmware_hex_fetch
2024-04-22 15:21:12,492 - INFO - Conversion successful. Binary file created:G:\WX_CAREER\Grad Project\src\vehicle_intf\testing\Application\TargetApplication\Debug\TargetApplication.bin - .\firmware_utils.py:64 - __firmware_cvt2bin
2024-04-22 15:24:08,215 - INFO - Fetched the hex file successfully. - .\firmware_utils.py:41 - __firmware_hex_fetch
2024-04-22 15:24:08,223 - INFO - Conversion successful. Binary file created:G:\WX_CAREER\Grad Project\src\vehicle_intf\testing\Application\TargetApplication\Debug\TargetApplication.bin - .\firmware_utils.py:64 - __firmware_cvt2bin
2024-04-22 15:24:10,713 - INFO - Fetched the hex file successfully. - .\firmware_utils.py:41 - __firmware_hex_fetch
2024-04-22 15:24:10,721 - INFO - Conversion successful. Binary file created:G:\WX_CAREER\Grad Project\src\vehicle_intf\testing\Application\TargetApplication\Debug\TargetApplication.bin - .\firmware_utils.py:64 - __firmware_cvt2bin
2024-04-22 15:24:11,515 - INFO - Fetched the hex file successfully. - .\firmware_utils.py:41 - __firmware_hex_fetch
2024-04-22 15:24:11,523 - INFO - Conversion successful. Binary file created:G:\WX_CAREER\Grad Project\src\vehicle_intf\testing\Application\TargetApplication\Debug\TargetApplication.bin - .\firmware_utils.py:64 - __firmware_cvt2bin
2024-04-22 15:46:42,719 - INFO - Fetched the hex file successfully. - .\firmware_utils.py:41 - __firmware_hex_fetch
2024-04-22 15:46:42,728 - INFO - Conversion successful. Binary file created:G:\WX_CAREER\Grad Project\src\vehicle_intf\testing\Application\TargetApplication\Debug\TargetApplication.bin - .\firmware_utils.py:64 - __firmware_cvt2bin
2024-04-22 15:47:09,155 - INFO - Fetched the hex file successfully. - .\firmware_utils.py:41 - __firmware_hex_fetch
2024-04-22 15:47:09,163 - INFO - Conversion successful. Binary file created:G:\WX_CAREER\Grad Project\src\vehicle_intf\testing\Application\TargetApplication\Debug\TargetApplication.bin - .\firmware_utils.py:64 - __firmware_cvt2bin
2024-04-22 15:49:50,158 - INFO - Fetched the hex file successfully. - .\firmware_utils.py:42 - __firmware_hex_fetch
2024-04-22 15:50:55,039 - INFO - Fetched the hex file successfully. - .\firmware_utils.py:42 - __firmware_hex_fetch
2024-04-22 15:52:21,184 - INFO - Fetched the hex file successfully. - .\firmware_utils.py:42 - __firmware_hex_fetch
2024-04-22 15:53:29,836 - INFO - Fetched the hex file successfully. - .\firmware_utils.py:42 - __firmware_hex_fetch
2024-04-22 16:03:42,996 - INFO - Fetched the hex file successfully. - .\firmware_utils.py:42 - __firmware_hex_fetch
2024-04-22 16:04:02,760 - INFO - Fetched the hex file successfully. - .\firmware_utils.py:42 - __firmware_hex_fetch
2024-04-24 01:57:52,949 - INFO - Fetched the hex file successfully. - .\firmware_utils.py:42 - __firmware_hex_fetch
2024-04-24 02:13:59,273 - INFO - Fetched the hex file successfully. - .\firmware_utils.py:42 - __firmware_hex_fetch
2024-04-24 02:53:23,319 - INFO - Fetched the hex file successfully. - .\firmware_utils.py:42 - __firmware_hex_fetch
2024-04-24 02:54:56,490 - INFO - Fetched the hex file successfully. - .\firmware_utils.py:42 - __firmware_hex_fetch
