2023-07-27 11:51:10,925 - INFO - G:\WX_CAREER\Grad Project\src\oem_intf\django_webappv1\fota\website\mqtt_utils.py changed, reloading. - G:\WX_CAREER\Grad Project\src\oem_intf\django_webappv1\lib\site-packages\django\utils\autoreload.py:266 - trigger_reload
2023-07-27 11:51:31,002 - INFO - G:\WX_CAREER\Grad Project\src\oem_intf\django_webappv1\fota\website\views.py changed, reloading. - G:\WX_CAREER\Grad Project\src\oem_intf\django_webappv1\lib\site-packages\django\utils\autoreload.py:266 - trigger_reload
2023-07-27 11:52:06,884 - INFO - G:\WX_CAREER\Grad Project\src\oem_intf\django_webappv1\fota\website\views.py changed, reloading. - G:\WX_CAREER\Grad Project\src\oem_intf\django_webappv1\lib\site-packages\django\utils\autoreload.py:266 - trigger_reload
2023-07-27 11:52:10,808 - INFO - G:\WX_CAREER\Grad Project\src\oem_intf\django_webappv1\fota\website\views.py changed, reloading. - G:\WX_CAREER\Grad Project\src\oem_intf\django_webappv1\lib\site-packages\django\utils\autoreload.py:266 - trigger_reload
2023-07-27 11:52:33,954 - INFO - G:\WX_CAREER\Grad Project\src\oem_intf\django_webappv1\fota\website\mqtt_utils.py changed, reloading. - G:\WX_CAREER\Grad Project\src\oem_intf\django_webappv1\lib\site-packages\django\utils\autoreload.py:266 - trigger_reload
2023-07-27 11:52:36,882 - INFO - G:\WX_CAREER\Grad Project\src\oem_intf\django_webappv1\fota\website\mqtt_utils.py changed, reloading. - G:\WX_CAREER\Grad Project\src\oem_intf\django_webappv1\lib\site-packages\django\utils\autoreload.py:266 - trigger_reload
2023-07-27 11:52:42,211 - INFO - G:\WX_CAREER\Grad Project\src\oem_intf\django_webappv1\fota\website\mqtt_utils.py changed, reloading. - G:\WX_CAREER\Grad Project\src\oem_intf\django_webappv1\lib\site-packages\django\utils\autoreload.py:266 - trigger_reload
2023-07-27 11:52:50,919 - INFO - G:\WX_CAREER\Grad Project\src\oem_intf\django_webappv1\fota\website\mqtt_utils.py changed, reloading. - G:\WX_CAREER\Grad Project\src\oem_intf\django_webappv1\lib\site-packages\django\utils\autoreload.py:266 - trigger_reload
2023-07-27 11:52:58,415 - INFO - G:\WX_CAREER\Grad Project\src\oem_intf\django_webappv1\fota\website\views.py changed, reloading. - G:\WX_CAREER\Grad Project\src\oem_intf\django_webappv1\lib\site-packages\django\utils\autoreload.py:266 - trigger_reload
2023-07-27 11:53:01,438 - ERROR - Internal Server Error: /communications/ - G:\WX_CAREER\Grad Project\src\oem_intf\django_webappv1\lib\site-packages\django\utils\log.py:241 - log_response
Traceback (most recent call last):
  File "G:\WX_CAREER\Grad Project\src\oem_intf\django_webappv1\lib\site-packages\django\core\handlers\exception.py", line 55, in inner
    response = get_response(request)
  File "G:\WX_CAREER\Grad Project\src\oem_intf\django_webappv1\lib\site-packages\django\core\handlers\base.py", line 197, in _get_response
    response = wrapped_callback(request, *callback_args, **callback_kwargs)
  File "G:\WX_CAREER\Grad Project\src\oem_intf\django_webappv1\fota\website\views.py", line 109, in comm_intf
    myYaml.run()
  File "G:\WX_CAREER\Grad Project\src\oem_intf\django_webappv1\fota\website\mqtt_utils.py", line 86, in run
    self.__yaml_data = self.__parse_yaml_file()
  File "G:\WX_CAREER\Grad Project\src\oem_intf\django_webappv1\fota\website\mqtt_utils.py", line 36, in __parse_yaml_file
    with open(self.__filepath) as yaml_file:
FileNotFoundError: [Errno 2] No such file or directory: 'main.yaml'
2023-07-27 11:53:01,757 - WARNING - Not Found: /favicon.ico - G:\WX_CAREER\Grad Project\src\oem_intf\django_webappv1\lib\site-packages\django\utils\log.py:241 - log_response
2023-07-27 11:53:27,382 - INFO - G:\WX_CAREER\Grad Project\src\oem_intf\django_webappv1\fota\website\views.py changed, reloading. - G:\WX_CAREER\Grad Project\src\oem_intf\django_webappv1\lib\site-packages\django\utils\autoreload.py:266 - trigger_reload
2023-07-27 11:53:30,260 - ERROR - Internal Server Error: /communications/ - G:\WX_CAREER\Grad Project\src\oem_intf\django_webappv1\lib\site-packages\django\utils\log.py:241 - log_response
Traceback (most recent call last):
  File "G:\WX_CAREER\Grad Project\src\oem_intf\django_webappv1\lib\site-packages\django\core\handlers\exception.py", line 55, in inner
    response = get_response(request)
  File "G:\WX_CAREER\Grad Project\src\oem_intf\django_webappv1\lib\site-packages\django\core\handlers\base.py", line 197, in _get_response
    response = wrapped_callback(request, *callback_args, **callback_kwargs)
  File "G:\WX_CAREER\Grad Project\src\oem_intf\django_webappv1\fota\website\views.py", line 110, in comm_intf
    myYaml.run()
  File "G:\WX_CAREER\Grad Project\src\oem_intf\django_webappv1\fota\website\mqtt_utils.py", line 86, in run
    self.__yaml_data = self.__parse_yaml_file()
  File "G:\WX_CAREER\Grad Project\src\oem_intf\django_webappv1\fota\website\mqtt_utils.py", line 36, in __parse_yaml_file
    with open(self.__filepath) as yaml_file:
FileNotFoundError: [Errno 2] No such file or directory: 'src/oem_intf/django_webappv1/fota/website/main.yaml'
2023-07-27 11:53:38,107 - INFO - G:\WX_CAREER\Grad Project\src\oem_intf\django_webappv1\fota\website\views.py changed, reloading. - G:\WX_CAREER\Grad Project\src\oem_intf\django_webappv1\lib\site-packages\django\utils\autoreload.py:266 - trigger_reload
2023-07-27 11:53:41,490 - INFO - G:\WX_CAREER\Grad Project\src\oem_intf\django_webappv1\fota\website\views.py changed, reloading. - G:\WX_CAREER\Grad Project\src\oem_intf\django_webappv1\lib\site-packages\django\utils\autoreload.py:266 - trigger_reload
